{"C:\\Users\\jason\\Documents\\Jason\\Practice\\ExpressServers\\noterific-backend\\app.js": {"path":"C:\\Users\\jason\\Documents\\Jason\\Practice\\ExpressServers\\noterific-backend\\app.js","all":false,"statementMap":{"0":{"start":{"line":1,"column":0},"end":{"line":1,"column":35}},"1":{"start":{"line":2,"column":0},"end":{"line":2,"column":29}},"2":{"start":{"line":3,"column":0},"end":{"line":3,"column":0}},"3":{"start":{"line":4,"column":0},"end":{"line":4,"column":41}},"4":{"start":{"line":5,"column":0},"end":{"line":5,"column":0}},"5":{"start":{"line":6,"column":0},"end":{"line":6,"column":22}},"6":{"start":{"line":7,"column":0},"end":{"line":7,"column":24}},"7":{"start":{"line":8,"column":0},"end":{"line":8,"column":16}},"8":{"start":{"line":9,"column":0},"end":{"line":9,"column":16}},"9":{"start":{"line":10,"column":0},"end":{"line":10,"column":0}},"10":{"start":{"line":11,"column":0},"end":{"line":11,"column":21}}},"s":{"0":1,"1":1,"2":1,"3":1,"4":1,"5":1,"6":1,"7":1,"8":1,"9":1,"10":1},"branchMap":{"0":{"type":"branch","line":1,"loc":{"start":{"line":1,"column":0},"end":{"line":11,"column":21}},"locations":[{"start":{"line":1,"column":0},"end":{"line":11,"column":21}}]},"1":{"type":"branch","line":1,"loc":{"start":{"line":1,"column":0},"end":{"line":11,"column":21}},"locations":[{"start":{"line":1,"column":0},"end":{"line":11,"column":21}}]}},"b":{"0":[1],"1":[1]},"fnMap":{"0":{"name":"Object.<anonymous>","decl":{"start":{"line":1,"column":0},"end":{"line":11,"column":21}},"loc":{"start":{"line":1,"column":0},"end":{"line":11,"column":21}},"line":1}},"f":{"0":1}}
,"C:\\Users\\jason\\Documents\\Jason\\Practice\\ExpressServers\\noterific-backend\\routes\\routes.js": {"path":"C:\\Users\\jason\\Documents\\Jason\\Practice\\ExpressServers\\noterific-backend\\routes\\routes.js","all":false,"statementMap":{"0":{"start":{"line":1,"column":0},"end":{"line":1,"column":43}},"1":{"start":{"line":2,"column":0},"end":{"line":2,"column":39}},"2":{"start":{"line":3,"column":0},"end":{"line":3,"column":53}},"3":{"start":{"line":4,"column":0},"end":{"line":4,"column":39}},"4":{"start":{"line":5,"column":0},"end":{"line":5,"column":0}},"5":{"start":{"line":6,"column":0},"end":{"line":6,"column":41}},"6":{"start":{"line":7,"column":0},"end":{"line":7,"column":27}},"7":{"start":{"line":8,"column":0},"end":{"line":8,"column":28}},"8":{"start":{"line":9,"column":0},"end":{"line":9,"column":0}},"9":{"start":{"line":10,"column":0},"end":{"line":10,"column":31}},"10":{"start":{"line":11,"column":0},"end":{"line":11,"column":60}},"11":{"start":{"line":12,"column":0},"end":{"line":12,"column":2}},"12":{"start":{"line":13,"column":0},"end":{"line":13,"column":0}},"13":{"start":{"line":14,"column":0},"end":{"line":14,"column":24}}},"s":{"0":1,"1":1,"2":1,"3":1,"4":1,"5":1,"6":1,"7":1,"8":1,"9":1,"10":1,"11":1,"12":1,"13":1},"branchMap":{"0":{"type":"branch","line":1,"loc":{"start":{"line":1,"column":0},"end":{"line":14,"column":24}},"locations":[{"start":{"line":1,"column":0},"end":{"line":14,"column":24}}]},"1":{"type":"branch","line":1,"loc":{"start":{"line":1,"column":0},"end":{"line":14,"column":24}},"locations":[{"start":{"line":1,"column":0},"end":{"line":14,"column":24}}]},"2":{"type":"branch","line":10,"loc":{"start":{"line":10,"column":16},"end":{"line":12,"column":1}},"locations":[{"start":{"line":10,"column":16},"end":{"line":12,"column":1}}]}},"b":{"0":[1],"1":[1],"2":[1]},"fnMap":{"0":{"name":"Object.<anonymous>","decl":{"start":{"line":1,"column":0},"end":{"line":14,"column":24}},"loc":{"start":{"line":1,"column":0},"end":{"line":14,"column":24}},"line":1}},"f":{"0":1}}
,"C:\\Users\\jason\\Documents\\Jason\\Practice\\ExpressServers\\noterific-backend\\routes\\login\\index.js": {"path":"C:\\Users\\jason\\Documents\\Jason\\Practice\\ExpressServers\\noterific-backend\\routes\\login\\index.js","all":false,"statementMap":{"0":{"start":{"line":1,"column":0},"end":{"line":1,"column":42}},"1":{"start":{"line":2,"column":0},"end":{"line":2,"column":33}},"2":{"start":{"line":3,"column":0},"end":{"line":3,"column":0}},"3":{"start":{"line":4,"column":0},"end":{"line":4,"column":27}},"4":{"start":{"line":5,"column":0},"end":{"line":5,"column":0}},"5":{"start":{"line":6,"column":0},"end":{"line":6,"column":35}},"6":{"start":{"line":7,"column":0},"end":{"line":7,"column":66}},"7":{"start":{"line":8,"column":0},"end":{"line":8,"column":3}},"8":{"start":{"line":9,"column":0},"end":{"line":9,"column":0}},"9":{"start":{"line":10,"column":0},"end":{"line":10,"column":23}}},"s":{"0":1,"1":1,"2":1,"3":1,"4":1,"5":1,"6":1,"7":1,"8":1,"9":1},"branchMap":{"0":{"type":"branch","line":1,"loc":{"start":{"line":1,"column":0},"end":{"line":10,"column":23}},"locations":[{"start":{"line":1,"column":0},"end":{"line":10,"column":23}}]},"1":{"type":"branch","line":1,"loc":{"start":{"line":1,"column":0},"end":{"line":10,"column":23}},"locations":[{"start":{"line":1,"column":0},"end":{"line":10,"column":23}}]},"2":{"type":"branch","line":6,"loc":{"start":{"line":6,"column":15},"end":{"line":8,"column":1}},"locations":[{"start":{"line":6,"column":15},"end":{"line":8,"column":1}}]}},"b":{"0":[1],"1":[1],"2":[1]},"fnMap":{"0":{"name":"Object.<anonymous>","decl":{"start":{"line":1,"column":0},"end":{"line":10,"column":23}},"loc":{"start":{"line":1,"column":0},"end":{"line":10,"column":23}},"line":1}},"f":{"0":1}}
,"C:\\Users\\jason\\Documents\\Jason\\Practice\\ExpressServers\\noterific-backend\\routes\\login\\oauth.js": {"path":"C:\\Users\\jason\\Documents\\Jason\\Practice\\ExpressServers\\noterific-backend\\routes\\login\\oauth.js","all":false,"statementMap":{"0":{"start":{"line":1,"column":0},"end":{"line":1,"column":42}},"1":{"start":{"line":2,"column":0},"end":{"line":2,"column":0}},"2":{"start":{"line":3,"column":0},"end":{"line":3,"column":36}},"3":{"start":{"line":4,"column":0},"end":{"line":4,"column":66}},"4":{"start":{"line":5,"column":0},"end":{"line":5,"column":2}},"5":{"start":{"line":6,"column":0},"end":{"line":6,"column":0}},"6":{"start":{"line":7,"column":0},"end":{"line":7,"column":23}}},"s":{"0":1,"1":1,"2":1,"3":1,"4":1,"5":1,"6":1},"branchMap":{"0":{"type":"branch","line":1,"loc":{"start":{"line":1,"column":0},"end":{"line":7,"column":23}},"locations":[{"start":{"line":1,"column":0},"end":{"line":7,"column":23}}]},"1":{"type":"branch","line":1,"loc":{"start":{"line":1,"column":0},"end":{"line":7,"column":23}},"locations":[{"start":{"line":1,"column":0},"end":{"line":7,"column":23}}]},"2":{"type":"branch","line":3,"loc":{"start":{"line":3,"column":15},"end":{"line":5,"column":1}},"locations":[{"start":{"line":3,"column":15},"end":{"line":5,"column":1}}]}},"b":{"0":[1],"1":[1],"2":[1]},"fnMap":{"0":{"name":"Object.<anonymous>","decl":{"start":{"line":1,"column":0},"end":{"line":7,"column":23}},"loc":{"start":{"line":1,"column":0},"end":{"line":7,"column":23}},"line":1}},"f":{"0":1}}
,"C:\\Users\\jason\\Documents\\Jason\\Practice\\ExpressServers\\noterific-backend\\routes\\notes\\index.js": {"path":"C:\\Users\\jason\\Documents\\Jason\\Practice\\ExpressServers\\noterific-backend\\routes\\notes\\index.js","all":false,"statementMap":{"0":{"start":{"line":1,"column":0},"end":{"line":1,"column":42}},"1":{"start":{"line":2,"column":0},"end":{"line":2,"column":0}},"2":{"start":{"line":3,"column":0},"end":{"line":3,"column":36}},"3":{"start":{"line":4,"column":0},"end":{"line":4,"column":65}},"4":{"start":{"line":5,"column":0},"end":{"line":5,"column":3}},"5":{"start":{"line":6,"column":0},"end":{"line":6,"column":0}},"6":{"start":{"line":7,"column":0},"end":{"line":7,"column":23}}},"s":{"0":1,"1":1,"2":1,"3":0,"4":1,"5":1,"6":1},"branchMap":{"0":{"type":"branch","line":1,"loc":{"start":{"line":1,"column":0},"end":{"line":7,"column":23}},"locations":[{"start":{"line":1,"column":0},"end":{"line":7,"column":23}}]},"1":{"type":"branch","line":1,"loc":{"start":{"line":1,"column":0},"end":{"line":7,"column":23}},"locations":[{"start":{"line":1,"column":0},"end":{"line":7,"column":23}}]}},"b":{"0":[1],"1":[1]},"fnMap":{"0":{"name":"Object.<anonymous>","decl":{"start":{"line":1,"column":0},"end":{"line":7,"column":23}},"loc":{"start":{"line":1,"column":0},"end":{"line":7,"column":23}},"line":1}},"f":{"0":1}}
,"C:\\Users\\jason\\Documents\\Jason\\Practice\\ExpressServers\\noterific-backend\\routes\\registration\\index.js": {"path":"C:\\Users\\jason\\Documents\\Jason\\Practice\\ExpressServers\\noterific-backend\\routes\\registration\\index.js","all":false,"statementMap":{"0":{"start":{"line":1,"column":0},"end":{"line":1,"column":49}},"1":{"start":{"line":2,"column":0},"end":{"line":2,"column":33}},"2":{"start":{"line":3,"column":0},"end":{"line":3,"column":0}},"3":{"start":{"line":4,"column":0},"end":{"line":4,"column":42}},"4":{"start":{"line":5,"column":0},"end":{"line":5,"column":72}},"5":{"start":{"line":6,"column":0},"end":{"line":6,"column":3}},"6":{"start":{"line":7,"column":0},"end":{"line":7,"column":0}},"7":{"start":{"line":8,"column":0},"end":{"line":8,"column":34}},"8":{"start":{"line":9,"column":0},"end":{"line":9,"column":0}},"9":{"start":{"line":10,"column":0},"end":{"line":10,"column":29}}},"s":{"0":1,"1":1,"2":1,"3":1,"4":1,"5":1,"6":1,"7":1,"8":1,"9":1},"branchMap":{"0":{"type":"branch","line":1,"loc":{"start":{"line":1,"column":0},"end":{"line":10,"column":29}},"locations":[{"start":{"line":1,"column":0},"end":{"line":10,"column":29}}]},"1":{"type":"branch","line":1,"loc":{"start":{"line":1,"column":0},"end":{"line":10,"column":29}},"locations":[{"start":{"line":1,"column":0},"end":{"line":10,"column":29}}]},"2":{"type":"branch","line":4,"loc":{"start":{"line":4,"column":22},"end":{"line":6,"column":1}},"locations":[{"start":{"line":4,"column":22},"end":{"line":6,"column":1}}]}},"b":{"0":[1],"1":[1],"2":[1]},"fnMap":{"0":{"name":"Object.<anonymous>","decl":{"start":{"line":1,"column":0},"end":{"line":10,"column":29}},"loc":{"start":{"line":1,"column":0},"end":{"line":10,"column":29}},"line":1}},"f":{"0":1}}
,"C:\\Users\\jason\\Documents\\Jason\\Practice\\ExpressServers\\noterific-backend\\routes\\registration\\oauth.js": {"path":"C:\\Users\\jason\\Documents\\Jason\\Practice\\ExpressServers\\noterific-backend\\routes\\registration\\oauth.js","all":false,"statementMap":{"0":{"start":{"line":1,"column":0},"end":{"line":1,"column":42}},"1":{"start":{"line":2,"column":0},"end":{"line":2,"column":0}},"2":{"start":{"line":3,"column":0},"end":{"line":3,"column":36}},"3":{"start":{"line":4,"column":0},"end":{"line":4,"column":79}},"4":{"start":{"line":5,"column":0},"end":{"line":5,"column":3}},"5":{"start":{"line":6,"column":0},"end":{"line":6,"column":0}},"6":{"start":{"line":7,"column":0},"end":{"line":7,"column":23}}},"s":{"0":1,"1":1,"2":1,"3":1,"4":1,"5":1,"6":1},"branchMap":{"0":{"type":"branch","line":1,"loc":{"start":{"line":1,"column":0},"end":{"line":7,"column":23}},"locations":[{"start":{"line":1,"column":0},"end":{"line":7,"column":23}}]},"1":{"type":"branch","line":1,"loc":{"start":{"line":1,"column":0},"end":{"line":7,"column":23}},"locations":[{"start":{"line":1,"column":0},"end":{"line":7,"column":23}}]},"2":{"type":"branch","line":3,"loc":{"start":{"line":3,"column":15},"end":{"line":5,"column":1}},"locations":[{"start":{"line":3,"column":15},"end":{"line":5,"column":1}}]}},"b":{"0":[1],"1":[1],"2":[1]},"fnMap":{"0":{"name":"Object.<anonymous>","decl":{"start":{"line":1,"column":0},"end":{"line":7,"column":23}},"loc":{"start":{"line":1,"column":0},"end":{"line":7,"column":23}},"line":1}},"f":{"0":1}}
}
